<?xml version="1.0" encoding="UTF-8"?>
<testng-results skipped="0" failed="0" ignored="0" total="1" passed="1">
  <reporter-output>
  </reporter-output>
  <suite name="Default suite" duration-ms="6358" started-at="2020-04-18T13:45:47Z" finished-at="2020-04-18T13:45:53Z">
    <groups>
    </groups>
    <test name="Default test" duration-ms="6358" started-at="2020-04-18T13:45:47Z" finished-at="2020-04-18T13:45:53Z">
      <class name="com.qa.apipractice.NonBDDGetCall">
        <test-method status="PASS" signature="getUsersNonBdd()[pri:0, instance:com.qa.apipractice.NonBDDGetCall@19f99ea]" name="getUsersNonBdd" duration-ms="6275" started-at="2020-04-18T13:45:47Z" finished-at="2020-04-18T13:45:53Z">
          <reporter-output>
          </reporter-output>
        </test-method> <!-- getUsersNonBdd -->
      </class> <!-- com.qa.apipractice.NonBDDGetCall -->
    </test> <!-- Default test -->
  </suite> <!-- Default suite -->
</testng-results>
